"../../../Engine/Content/EngineMaterials/T_Default_Material_Grid_N.uasset" 0
"../../../Engine/Content/EngineMaterials/T_Default_Material_Grid_M.uasset" 1
"../../../Engine/Content/Functions/Engine_MaterialFunctions01/Opacity/CameraDepthFade.uasset" 2
"../../../Engine/Content/EngineMaterials/WorldGridMaterial.uasset" 3
"../../../Engine/Content/ArtTools/RenderToTexture/Meshes/S_1_Unit_Plane.uasset" 4
"../../../Engine/Content/EngineMaterials/DefaultMaterial.uasset" 5
"../../../Engine/Content/BasicShapes/Cone.uasset" 6
"../../../Engine/Content/BasicShapes/Sphere.uasset" 7
"../../../Engine/Content/EngineMaterials/DefaultPhysicalMaterial.uasset" 8
"../../../Engine/Content/BufferVisualization/AmbientOcclusion.uasset" 9
"../../../Engine/Content/Functions/Engine_MaterialFunctions02/Utility/AppendMany.uasset" 10
"../../../Engine/Content/BufferVisualization/Anisotropy.uasset" 11
"../../../Engine/Content/BufferVisualization/BaseColor.uasset" 12
"../../../Engine/Content/BufferVisualization/CustomDepth.uasset" 13
"../../../Engine/Content/Functions/Engine_MaterialFunctions02/Utility/VectorLength.uasset" 14
"../../../Engine/Content/BufferVisualization/CustomDepthWorldUnits.uasset" 15
"../../../Engine/Content/Functions/Engine_MaterialFunctions02/Utility/BreakOutFloat2Components.uasset" 16
"../../../Engine/Content/Functions/Engine_MaterialFunctions01/Texturing/ScaleUVsByCenter.uasset" 17
"../../../Engine/Content/EngineMaterials/MiniFont.uasset" 18
"../../../Engine/Content/Functions/Engine_MaterialFunctions02/Utility/MakeFloat3.uasset" 19
"../../../Engine/Content/Functions/Engine_MaterialFunctions02/Utility/MakeFloat2.uasset" 20
"../../../Engine/Content/Functions/Engine_MaterialFunctions02/ScreenResolution.uasset" 21
"../../../Engine/Content/Functions/Engine_MaterialFunctions02/Texturing/ScreenAlignedUVs.uasset" 22
"../../../Engine/Content/BufferVisualization/CustomStencil.uasset" 23
"../../../Engine/Content/BufferVisualization/FinalImage.uasset" 24
"../../../Engine/Content/BufferVisualization/LightingModel.uasset" 25
"../../../Engine/Content/BufferVisualization/MaterialAO.uasset" 26
"../../../Engine/Content/BufferVisualization/Metallic.uasset" 27
"../../../Engine/Content/BufferVisualization/Opacity.uasset" 28
"../../../Engine/Content/BufferVisualization/PostTonemapHDRColor.uasset" 29
"../../../Engine/Content/BufferVisualization/PreTonemapHDRColor.uasset" 30
"../../../Engine/Content/BufferVisualization/Roughness.uasset" 31
"../../../Engine/Content/BufferVisualization/SceneColor.uasset" 32
"../../../Engine/Content/BufferVisualization/SceneDepth.uasset" 33
"../../../Engine/Content/BufferVisualization/SceneDepthWorldUnits.uasset" 34
"../../../Engine/Content/BufferVisualization/SeparateTranslucencyA.uasset" 35
"../../../Engine/Content/BufferVisualization/SeparateTranslucencyRGB.uasset" 36
"../../../Engine/Content/BufferVisualization/Specular.uasset" 37
"../../../Engine/Content/BufferVisualization/SubsurfaceColor.uasset" 38
"../../../Engine/Content/BufferVisualization/Velocity.uasset" 39
"../../../Engine/Content/BufferVisualization/WorldNormal.uasset" 40
"../../../Engine/Content/BufferVisualization/WorldTangent.uasset" 41
"../../../Engine/Content/EditorLandscapeResources/DataLayer.uasset" 42
"../../../Engine/Content/EditorLandscapeResources/DefaultAlphaTexture.uasset" 43
"../../../Engine/Content/EditorLandscapeResources/LandscapeGizmoHeight_Mat.uasset" 44
"../../../Engine/Content/EditorLandscapeResources/LandscapeGizmo_Mat.uasset" 45
"../../../Engine/Content/EditorLandscapeResources/LandscapeGizmo_Mat_Copied.uasset" 46
"../../../Engine/Content/EditorLandscapeResources/SplineEditorMeshMat.uasset" 47
"../../../Engine/Content/EditorLandscapeResources/SplineEditorMesh.uasset" 48
"../../../Engine/Content/EditorMaterials/Cross.uasset" 49
"../../../Engine/Content/EditorMaterials/Cross_Mat.uasset" 50
"../../../Engine/Content/Functions/Engine_MaterialFunctions02/Utility/Sign.uasset" 51
"../../../Engine/Content/Functions/Engine_MaterialFunctions02/Utility/Round.uasset" 52
"../../../Engine/Content/EngineMaterials/DefaultDiffuse.uasset" 53
"../../../Engine/Content/Functions/Engine_MaterialFunctions01/Texturing/TextureCropping.uasset" 54
"../../../Engine/Content/Functions/Engine_MaterialFunctions01/Texturing/ComputeMipLevel.uasset" 55
"../../../Engine/Content/Functions/Engine_MaterialFunctions02/ExampleContent/Textures/DebugNumberPeriod.uasset" 56
"../../../Engine/Content/Functions/Engine_MaterialFunctions02/ExampleContent/DebugNumberStrip.uasset" 57
"../../../Engine/Content/Functions/Engine_MaterialFunctions02/Utility/DebugScalarValues.uasset" 58
"../../../Engine/Content/Functions/Engine_MaterialFunctions02/Utility/DebugFloat2Values.uasset" 59
"../../../Engine/Content/Functions/Engine_MaterialFunctions02/ExampleContent/Textures/flipbook.uasset" 60
"../../../Engine/Content/Functions/Engine_MaterialFunctions02/Texturing/FlipBook.uasset" 61
"../../../Engine/Content/EditorResources/T_EditorHelp.uasset" 62
"../../../Engine/Content/EditorMaterials/HelpActorMaterial.uasset" 63
"../../../Engine/Content/Functions/Engine_MaterialFunctions03/Procedurals/ComputeFilterWidth.uasset" 64
"../../../Engine/Content/EngineMaterials/BlendFunc_DefBlend.uasset" 65
"../../../Engine/Content/EngineMaterials/BlendFunc_DefBase.uasset" 66
"../../../Engine/Content/Functions/Engine_MaterialFunctions03/Blends/Blend_Screen.uasset" 67
"../../../Engine/Content/EditorMaterials/TilingAALineIntegral.uasset" 68
"../../../Engine/Content/EditorMaterials/TilingAALineBoxFiltered.uasset" 69
"../../../Engine/Content/EditorMaterials/TilingAAGrid.uasset" 70
"../../../Engine/Content/EditorMaterials/TilingAADots.uasset" 71
"../../../Engine/Content/EditorMaterials/CompositeARGBLayer.uasset" 72
"../../../Engine/Content/EditorMaterials/LevelGridMaterial.uasset" 73
"../../../Engine/Content/EditorResources/LevelGrid1DStripes.uasset" 74
"../../../Engine/Content/EditorMaterials/TextureGridCascaded1D.uasset" 75
"../../../Engine/Content/EditorMaterials/TextureGridCascaded2D.uasset" 76
"../../../Engine/Content/EditorMaterials/MakeCompositeARGBLayer.uasset" 77
"../../../Engine/Content/EditorMaterials/LevelGridMaterial2.uasset" 78
"../../../Engine/Content/EditorMaterials/MAT_Groups_Toggle.uasset" 79
"../../../Engine/Content/EditorMaterials/MAT_Groups_Visibility.uasset" 80
"../../../Engine/Content/EditorMaterials/PhAT_BoneSelectedMaterial.uasset" 81
"../../../Engine/Content/EditorMaterials/PhAT_ElemSelectedMaterial.uasset" 82
"../../../Engine/Content/EditorMaterials/PhAT_NoCollisionMaterial.uasset" 83
"../../../Engine/Content/EditorMaterials/PhAT_UnselectedMaterial.uasset" 84
"../../../Engine/Content/EditorMaterials/PreviewShadowIndicator.uasset" 85
"../../../Engine/Content/EditorMaterials/PreviewShadowIndicatorMaterial.uasset" 86
"../../../Engine/Content/EditorMaterials/TargetIcon.uasset" 87
"../../../Engine/Content/EditorMaterials/Tick.uasset" 88
"../../../Engine/Content/EditorMaterials/Tick_Mat.uasset" 89
"../../../Engine/Content/EditorMaterials/WidgetGridVertexColorMaterial.uasset" 90
"../../../Engine/Content/EditorMaterials/WidgetGridVertexColorMaterial_Ma.uasset" 91
"../../../Engine/Content/EditorMaterials/WidgetMaterial.uasset" 92
"../../../Engine/Content/EditorMaterials/WidgetMaterial_Current.uasset" 93
"../../../Engine/Content/EditorMaterials/WidgetMaterial_X.uasset" 94
"../../../Engine/Content/EditorMaterials/WidgetMaterial_Y.uasset" 95
"../../../Engine/Content/EditorMaterials/WidgetMaterial_Z.uasset" 96
"../../../Engine/Content/EditorMaterials/WidgetVertexColorMaterial.uasset" 97
"../../../Engine/Content/EditorMaterials/MatineeGroups/MAT_ColorTrack.uasset" 98
"../../../Engine/Content/EditorMaterials/MatineeGroups/MAT_Groups_Anim.uasset" 99
"../../../Engine/Content/EditorMaterials/MatineeGroups/MAT_Groups_AudioMaster.uasset" 100
"../../../Engine/Content/EditorMaterials/MatineeGroups/MAT_Groups_Director.uasset" 101
"../../../Engine/Content/EditorMaterials/MatineeGroups/MAT_Groups_Event.uasset" 102
"../../../Engine/Content/EditorMaterials/MatineeGroups/MAT_Groups_Fade.uasset" 103
"../../../Engine/Content/EditorMaterials/MatineeGroups/MAT_Groups_Float.uasset" 104
"../../../Engine/Content/EditorMaterials/MatineeGroups/MAT_Groups_Move.uasset" 105
"../../../Engine/Content/EditorMaterials/MatineeGroups/MAT_Groups_Slomo.uasset" 106
"../../../Engine/Content/EditorMaterials/MatineeGroups/MAT_Groups_Sound.uasset" 107
"../../../Engine/Content/EditorMaterials/MatineeGroups/MAT_Groups_Vector.uasset" 108
"../../../Engine/Content/EditorMaterials/ParticleSystems/PSysThumbnail_NoImage.uasset" 109
"../../../Engine/Content/EditorMaterials/ParticleSystems/PSysThumbnail_OOD.uasset" 110
"../../../Engine/Content/EngineMaterials/Grid.uasset" 111
"../../../Engine/Content/EditorMaterials/Thumbnails/FloorPlaneMaterial.uasset" 112
"../../../Engine/Content/EditorMeshes/EditorCube.uasset" 113
"../../../Engine/Content/EditorMeshes/EditorCylinder.uasset" 114
"../../../Engine/Content/EditorMeshes/EditorPlane.uasset" 115
"../../../Engine/Content/EditorMaterials/Thumbnails/SkySphereMaterial.uasset" 116
"../../../Engine/Content/EditorMeshes/EditorSkySphere.uasset" 117
"../../../Engine/Content/EditorMeshes/EditorSphere.uasset" 118
"../../../Engine/Content/EditorResources/MatineeCam_D.uasset" 119
"../../../Engine/Content/EditorMaterials/MatineeCam_mat.uasset" 120
"../../../Engine/Content/EditorMeshes/MatineeCam_SM.uasset" 121
"../../../Engine/Content/EditorMeshes/PlanarReflectionPlane.uasset" 122
"../../../Engine/Content/EngineDebugMaterials/M_SimpleOpaque.uasset" 123
"../../../Engine/Content/EditorMaterials/Camera/MI_CineMat_CamViewFinder.uasset" 124
"../../../Engine/Content/EditorMaterials/Camera/CineMat.uasset" 125
"../../../Engine/Content/EditorMaterials/Camera/MI_CineMat_CameraBody.uasset" 126
"../../../Engine/Content/EditorMeshes/Camera/SM_CineCam.uasset" 127
"../../../Engine/Content/EditorMaterials/Camera/MI_CineMat_Rig.uasset" 128
"../../../Engine/Content/EditorMeshes/Camera/SM_CraneRig_Arm.uasset" 129
"../../../Engine/Content/EditorMeshes/Camera/SM_CraneRig_Base.uasset" 130
"../../../Engine/Content/EditorMeshes/Camera/SM_CraneRig_Body.uasset" 131
"../../../Engine/Content/EditorMeshes/Camera/SM_CraneRig_Mount.uasset" 132
"../../../Engine/Content/EditorMeshes/Camera/SM_RailRig_Mount.uasset" 133
"../../../Engine/Content/EditorMeshes/Camera/SM_RailRig_Track.uasset" 134
"../../../Engine/Content/EditorMeshes/ColorCalibrator/M_ChromeBall.uasset" 135
"../../../Engine/Content/EditorResources/Bad.uasset" 136
"../../../Engine/Content/EditorResources/BSPVertex.uasset" 137
"../../../Engine/Content/EditorResources/EmptyActor.uasset" 138
"../../../Engine/Content/EditorResources/MatInstActSprite.uasset" 139
"../../../Engine/Content/EditorResources/SceneManager.uasset" 140
"../../../Engine/Content/EditorResources/SmallFont.uasset" 141
"../../../Engine/Content/EditorResources/S_Actor.uasset" 142
"../../../Engine/Content/EditorResources/S_CameraShakeSource.uasset" 143
"../../../Engine/Content/EditorResources/S_DecalActorIcon.uasset" 144
"../../../Engine/Content/EditorResources/S_Emitter.uasset" 145
"../../../Engine/Content/EditorResources/S_ExpoHeightFog.uasset" 146
"../../../Engine/Content/EditorResources/S_FTest.uasset" 147
"../../../Engine/Content/EditorResources/S_KBSJoint.uasset" 148
"../../../Engine/Content/EditorResources/S_KHinge.uasset" 149
"../../../Engine/Content/EditorResources/S_KPrismatic.uasset" 150
"../../../Engine/Content/EditorResources/S_LevelSequence.uasset" 151
"../../../Engine/Content/EditorResources/S_NavP.uasset" 152
"../../../Engine/Content/EditorResources/S_Note.uasset" 153
"../../../Engine/Content/EditorResources/S_Player.uasset" 154
"../../../Engine/Content/EditorResources/S_PortalActorIcon2.uasset" 155
"../../../Engine/Content/EditorResources/S_RadForce.uasset" 156
"../../../Engine/Content/EditorResources/S_ReflActorIcon.uasset" 157
"../../../Engine/Content/EditorResources/S_SkyAtmosphere.uasset" 158
"../../../Engine/Content/EditorResources/S_Solver.uasset" 159
"../../../Engine/Content/EditorResources/S_Terrain.uasset" 160
"../../../Engine/Content/EditorResources/S_TextRenderActorIcon.uasset" 161
"../../../Engine/Content/EditorResources/S_Thruster.uasset" 162
"../../../Engine/Content/EditorResources/S_Trigger.uasset" 163
"../../../Engine/Content/EditorResources/S_VectorFieldVol.uasset" 164
"../../../Engine/Content/EditorResources/S_VolumetricCloud.uasset" 165
"../../../Engine/Content/EditorResources/S_WindDirectional.uasset" 166
"../../../Engine/Content/EditorResources/AI/S_NavLink.uasset" 167
"../../../Engine/Content/EditorResources/LightIcons/SkyLight.uasset" 168
"../../../Engine/Content/EditorResources/LightIcons/S_LightDirectional.uasset" 169
"../../../Engine/Content/EditorResources/LightIcons/S_LightDirectionalMove.uasset" 170
"../../../Engine/Content/EditorResources/LightIcons/S_LightError.uasset" 171
"../../../Engine/Content/EditorResources/LightIcons/S_LightPoint.uasset" 172
"../../../Engine/Content/EditorResources/LightIcons/S_LightPointMove.uasset" 173
"../../../Engine/Content/EditorResources/LightIcons/S_LightSpot.uasset" 174
"../../../Engine/Content/EditorResources/LightIcons/S_LightSpotMove.uasset" 175
"../../../Engine/Content/EditorResources/SequenceRecorder/Countdown.uasset" 176
"../../../Engine/Content/EditorResources/SequenceRecorder/RecordingIndicator.uasset" 177
"../../../Engine/Content/EditorResources/Spline/T_Loft_Spline.uasset" 178
"../../../Engine/Content/EditorSounds/Notifications/CompileSuccess.uasset" 179
"../../../Engine/Content/EditorSounds/Notifications/CompileStart_Cue.uasset" 180
"../../../Engine/Content/EngineDamageTypes/DmgTypeBP_Environmental.uasset" 181
"../../../Engine/Content/EngineDebugMaterials/HeatmapGradient.uasset" 182
"../../../Engine/Content/EngineDebugMaterials/BoneWeightMaterial.uasset" 183
"../../../Engine/Content/EngineDebugMaterials/ClothMaterial.uasset" 184
"../../../Engine/Content/EngineDebugMaterials/ClothMaterial_WF.uasset" 185
"../../../Engine/Content/EngineDebugMaterials/DebugEditorMaterial.uasset" 186
"../../../Engine/Content/EngineDebugMaterials/DebugMeshMaterial.uasset" 187
"../../../Engine/Content/EngineDebugMaterials/GeomMaterial.uasset" 188
"../../../Engine/Content/Functions/Engine_MaterialFunctions01/Shading/ConvertFromDiffSpec.uasset" 189
"../../../Engine/Content/EngineDebugMaterials/LevelColorationLitMaterial.uasset" 190
"../../../Engine/Content/EngineDebugMaterials/LevelColorationUnlitMaterial.uasset" 191
"../../../Engine/Content/EngineMaterials/DefaultWhiteGrid.uasset" 192
"../../../Engine/Content/EngineDebugMaterials/MAT_LevelColorationLitLightmapUV.uasset" 193
"../../../Engine/Content/EngineDebugMaterials/M_SimpleUnlitTranslucent.uasset" 194
"../../../Engine/Content/EngineDebugMaterials/VolumeToRender.uasset" 195
"../../../Engine/Content/Functions/Engine_MaterialFunctions02/Utility/CameraDirectionVector.uasset" 196
"../../../Engine/Content/EngineDebugMaterials/M_VolumeRenderSphereTracePP.uasset" 197
"../../../Engine/Content/EngineMaterials/DefaultWhiteGrid_Low.uasset" 198
"../../../Engine/Content/EngineDebugMaterials/PhysicalMaterialMaskMaterial.uasset" 199
"../../../Engine/Content/EngineDebugMaterials/ShadedLevelColorationLitMaterial.uasset" 200
"../../../Engine/Content/EngineDebugMaterials/ShadedLevelColorationUnlitMateri.uasset" 201
"../../../Engine/Content/EngineDebugMaterials/VertexColorMaterial.uasset" 202
"../../../Engine/Content/EngineDebugMaterials/VertexColorViewMode_AlphaAsColor.uasset" 203
"../../../Engine/Content/EngineDebugMaterials/VertexColorViewMode_BlueOnly.uasset" 204
"../../../Engine/Content/EngineDebugMaterials/VertexColorViewMode_ColorOnly.uasset" 205
"../../../Engine/Content/EngineDebugMaterials/VertexColorViewMode_GreenOnly.uasset" 206
"../../../Engine/Content/EngineDebugMaterials/VertexColorViewMode_RedOnly.uasset" 207
"../../../Engine/Content/EngineDebugMaterials/WireframeMaterial.uasset" 208
"../../../Engine/Content/EngineFonts/Faces/RobotoRegular.uasset" 209
"../../../Engine/Content/EngineFonts/Faces/RobotoLight.uasset" 210
"../../../Engine/Content/EngineFonts/Faces/RobotoItalic.uasset" 211
"../../../Engine/Content/EngineFonts/Faces/RobotoBoldItalic.uasset" 212
"../../../Engine/Content/EngineFonts/Faces/RobotoBold.uasset" 213
"../../../Engine/Content/EngineFonts/Faces/DroidSansFallback.uasset" 214
"../../../Engine/Content/EngineFonts/Roboto.uasset" 215
"../../../Engine/Content/EngineFonts/Faces/RobotoTiny.uasset" 216
"../../../Engine/Content/EngineFonts/RobotoTiny.uasset" 217
"../../../Engine/Content/EngineFonts/SmallFont.uasset" 218
"../../../Engine/Content/EngineFonts/TinyFont.uasset" 219
"../../../Engine/Content/EngineMaterials/BaseFlattenNormalMap.uasset" 220
"../../../Engine/Content/EngineMaterials/BaseFlattenGrayscaleMap.uasset" 221
"../../../Engine/Content/EngineMaterials/BaseFlattenEmissiveMap.uasset" 222
"../../../Engine/Content/EngineMaterials/BaseFlattenDiffuseMap.uasset" 223
"../../../Engine/Content/EngineMaterials/BaseFlattenMaterial.uasset" 224
"../../../Engine/Content/EngineResources/WhiteSquareTexture.uasset" 225
"../../../Engine/Content/EngineMaterials/BlinkingCaret.uasset" 226
"../../../Engine/Content/EngineMaterials/BlueNoise.uasset" 227
"../../../Engine/Content/EngineMaterials/DefaultBloomKernel.uasset" 228
"../../../Engine/Content/EngineMaterials/DefaultBokeh.uasset" 229
"../../../Engine/Content/EngineMaterials/DefaultDeferredDecalMaterial.uasset" 230
"../../../Engine/Content/EngineMaterials/DefaultLightFunctionMaterial.uasset" 231
"../../../Engine/Content/EngineMaterials/DefaultNormal.uasset" 232
"../../../Engine/Content/EngineMaterials/DefaultPostProcessMaterial.uasset" 233
"../../../Engine/Content/EngineFonts/RobotoDistanceField.uasset" 234
"../../../Engine/Content/EngineMaterials/DefaultTextMaterialOpaque.uasset" 235
"../../../Engine/Content/EngineMaterials/EditorBrushMaterial.uasset" 236
"../../../Engine/Content/EngineMaterials/EmissiveMeshMaterial.uasset" 237
"../../../Engine/Content/EngineMaterials/GizmoMaterial.uasset" 238
"../../../Engine/Content/EngineMaterials/Good64x64TilingNoiseHighFreq.uasset" 239
"../../../Engine/Content/EngineMaterials/Grid_N.uasset" 240
"../../../Engine/Content/EngineMaterials/HighResolutionScreenshotMaskFunction.uasset" 241
"../../../Engine/Content/EngineMaterials/HighResScreenshot.uasset" 242
"../../../Engine/Content/EngineMaterials/HighResScreenshotCaptureRegion.uasset" 243
"../../../Engine/Content/EngineMaterials/HighResScreenshotMask.uasset" 244
"../../../Engine/Content/EngineMaterials/LandscapeHolePhysicalMaterial.uasset" 245
"../../../Engine/Content/EngineMaterials/InvalidLightmapSettings.uasset" 246
"../../../Engine/Content/EngineMaterials/M_InvalidLightmapSettings.uasset" 247
"../../../Engine/Content/EngineMaterials/PaperDiffuse.uasset" 248
"../../../Engine/Content/EngineMaterials/PaperNormal.uasset" 249
"../../../Engine/Content/Functions/Engine_MaterialFunctions02/WorldPositionOffset/CameraOffset.uasset" 250
"../../../Engine/Content/EngineMaterials/PhAT_JointLimitMaterial.uasset" 251
"../../../Engine/Content/EngineMaterials/PhysMat_Rubber.uasset" 252
"../../../Engine/Content/EngineMaterials/PreintegratedSkinBRDF.uasset" 253
"../../../Engine/Content/EngineMaterials/RemoveSurfaceMaterial.uasset" 254
"../../../Engine/Content/EngineMaterials/WeightMapPlaceholderTexture.uasset" 255
"../../../Engine/Content/Functions/Engine_MaterialFunctions02/Utility/BreakOutFloat3Components.uasset" 256
"../../../Engine/Content/Functions/Engine_MaterialFunctions01/ImageAdjustment/sRGBToLinear.uasset" 257
"../../../Engine/Content/EngineMaterials/Widget3DCameraPassThrough_Opaque_OneSided.uasset" 258
"../../../Engine/Content/EngineMaterials/Widget3DPassThrough.uasset" 259
"../../../Engine/Content/EngineMaterials/Widget3DPassThrough_Masked.uasset" 260
"../../../Engine/Content/EngineMaterials/Widget3DPassThrough_Opaque.uasset" 261
"../../../Engine/Content/EngineMaterials/Widget3DPassThrough_Masked_OneSided.uasset" 262
"../../../Engine/Content/EngineMaterials/Widget3DPassThrough_Opaque_OneSided.uasset" 263
"../../../Engine/Content/EngineMaterials/Widget3DPassThrough_Translucent.uasset" 264
"../../../Engine/Content/EngineMaterials/Widget3DPassThrough_Translucent_OneSided.uasset" 265
"../../../Engine/Content/EngineMeshes/Cylinder.uasset" 266
"../../../Engine/Content/EngineMeshes/Sphere.uasset" 267
"../../../Engine/Content/EngineResources/Black.uasset" 268
"../../../Engine/Content/EngineResources/DefaultTextureCube.uasset" 269
"../../../Engine/Content/EngineResources/DefaultVolumeTexture2D.uasset" 270
"../../../Engine/Content/EngineResources/DefaultVolumeTexture.uasset" 271
"../../../Engine/Content/EngineResources/GradientTexture0.uasset" 272
"../../../Engine/Content/EngineResources/StreamingPauseIcon.uasset" 273
"../../../Engine/Content/EngineResources/M_StreamingPause.uasset" 274
"../../../Engine/Content/EngineSky/VolumetricClouds/T_NoiseShape64.uasset" 275
"../../../Engine/Content/EngineSky/VolumetricClouds/T_VolumeNoiseShape64.uasset" 276
"../../../Engine/Content/EngineSky/VolumetricClouds/T_NoiseErosion.uasset" 277
"../../../Engine/Content/EngineSky/VolumetricClouds/T_VolumeNoiseErosion32.uasset" 278
"../../../Engine/Content/EngineSky/VolumetricClouds/CloudWeatherTexture.uasset" 279
"../../../Engine/Content/EngineSky/VolumetricClouds/CloudGradientTexture.uasset" 280
"../../../Engine/Content/EngineSky/VolumetricClouds/m_SimpleVolumetricCloud.uasset" 281
"../../../Engine/Content/EngineSky/VolumetricClouds/m_SimpleVolumetricCloud_Inst.uasset" 282
"../../../Engine/Content/EngineSounds/Master.uasset" 283
"../../../Engine/Content/Functions/Engine_MaterialFunctions01/Shading/PowerToRoughness.uasset" 284
"../../../Engine/Content/Maps/Templates/Thumbnails/Default.uasset" 285
"../../../Engine/Content/Maps/Templates/Thumbnails/TimeOfDay.uasset" 286
"../../../Engine/Content/Maps/Templates/Thumbnails/VR-Basic.uasset" 287
"../../../Engine/Content/MapTemplates/Sky/DaylightAmbientCubemap.uasset" 288
"../../../Engine/Content/MobileResources/T_MobileControls_texture.uasset" 289
"../../../Engine/Content/MobileResources/T_MobileMenu2.uasset" 290
"../../../Engine/Content/MobileResources/HUD/AnalogHat.uasset" 291
"../../../Engine/Content/MobileResources/HUD/VirtualJoystick_Thumb.uasset" 292
"../../../Engine/Content/MobileResources/HUD/VirtualJoystick_Background.uasset" 293
"../../../Engine/Content/MobileResources/HUD/DefaultVirtualJoysticks.uasset" 294
"../../../Engine/Content/MobileResources/HUD/LeftVirtualJoystickOnly.uasset" 295
"../../../Engine/Content/MobileResources/HUD/MobileHUDButton1_off.uasset" 296
"../../../Engine/Content/MobileResources/HUD/MobileHUDButton1_on.uasset" 297
"../../../Engine/Content/MobileResources/HUD/MobileHUDButton2_off.uasset" 298
"../../../Engine/Content/MobileResources/HUD/MobileHUDButton2_on.uasset" 299
"../../../Engine/Content/MobileResources/HUD/MobileHUDButton3.uasset" 300
"../../../Engine/Content/MobileResources/HUD/MobileHUDButtonFire.uasset" 301
"../../../Engine/Content/MobileResources/HUD/MobileHUDDirectionPad.uasset" 302
"../../../Engine/Content/MobileResources/HUD/MobileHUDDirectionPad2.uasset" 303
"../../../Engine/Content/MobileResources/HUD/MobileHUDDirectionPad3.uasset" 304
"../../../Engine/Content/MobileResources/HUD/MobileHUDDirectionStick.uasset" 305
"../../../Engine/Content/MobileResources/HUD/T_Castle_ThumbstickInner.uasset" 306
"../../../Engine/Content/MobileResources/HUD/T_Castle_ThumbstickOutter.uasset" 307
"../../../Engine/Content/Tutorial/ContentIntroCurve.uasset" 308
"../../../Engine/Content/Tutorial/Basics/LevelEditorAttract.uasset" 309
"../../../Engine/Content/Tutorial/Basics/TutorialAssets/icon_tab_Levels_40x.uasset" 310
"../../../Engine/Content/Tutorial/Basics/LevelEditorOverview.uasset" 311
"../../../Engine/Content/VREditor/TransformGizmo/TranslucentTransformGizmoMaterial.uasset" 312
"../../../Engine/Content/VREditor/LaserPointer/VR_LaserPower_01.uasset" 313
"../../../Engine/Content/VREditor/TransformGizmo/TransformGizmoMaterial.uasset" 314
"../../../Engine/Content/VREditor/TransformGizmo/BoundingBoxCorner.uasset" 315
"../../../Engine/Content/VREditor/TransformGizmo/BoundingBoxEdge.uasset" 316
"../../../Engine/Content/VREditor/TransformGizmo/PlaneTranslationHandle.uasset" 317
"../../../Engine/Content/VREditor/TransformGizmo/Xray.uasset" 318
"../../../Engine/Content/VREditor/TransformGizmo/Main.uasset" 319
"../../../Engine/Content/VREditor/TransformGizmo/SM_Sequencer_Key.uasset" 320
"../../../Engine/Content/VREditor/TransformGizmo/SM_Sequencer_Node.uasset" 321
"../../../../UEPROJECTS/EraserAndPencil/Content/EraserAndPencil/Textures/FirstPersonCrosshair.uasset" 322
"../../Plugins/2D/Paper2D/Content/PlaceholderTextures/DummySpriteTexture.uasset" 323
"../../Plugins/2D/Paper2D/Content/DummySprite.uasset" 324
"../../Plugins/2D/Paper2D/Content/DefaultPaperTerrainMaterial.uasset" 325
"../../Plugins/2D/Paper2D/Content/DefaultSpriteMaterial.uasset" 326
"../../Plugins/2D/Paper2D/Content/MaskedUnlitSpriteMaterial.uasset" 327
"../../Plugins/2D/Paper2D/Content/OpaqueUnlitSpriteMaterial.uasset" 328
"../../../Engine/Content/Functions/Engine_MaterialFunctions02/ObjectLocalBounds.uasset" 329
"../../Plugins/Editor/SpeedTreeImporter/Content/SpeedTree9/UnpackInteger3.uasset" 330
"../../Plugins/Editor/SpeedTreeImporter/Content/SpeedTree9/UnpackDirection.uasset" 331
"../../Plugins/Editor/SpeedTreeImporter/Content/SpeedTree9/game_wind_noise.uasset" 332
"../../../Engine/Content/Functions/Engine_MaterialFunctions02/SafeNormalize.uasset" 333
"../../Plugins/Editor/SpeedTreeImporter/Content/SpeedTree9/SpeedTreeWindMotion.uasset" 334
"../../Plugins/Editor/SpeedTreeImporter/Content/SpeedTree9/SpeedTreeBranchMotion.uasset" 335
"../../../Engine/Content/Functions/Engine_MaterialFunctions02/UVs/BoundingBoxBased_0-1_UVW.uasset" 336
"../../Plugins/Editor/SpeedTreeImporter/Content/SpeedTree9/SpeedTreeWind.uasset" 337
"../../Plugins/Editor/SpeedTreeImporter/Content/SpeedTree9/SpeedTreeBillboard.uasset" 338
"../../../Engine/Content/EngineResources/DefaultTexture.uasset" 339
"../../Plugins/Editor/SpeedTreeImporter/Content/SpeedTree9/SpeedTreeBillboardMaster.uasset" 340
"../../Plugins/Editor/SpeedTreeImporter/Content/SpeedTree9/SpeedTreeCameraFacing.uasset" 341
"../../Plugins/Editor/SpeedTreeImporter/Content/SpeedTree9/SpeedTreeMaster.uasset" 342
"../../Plugins/FX/Niagara/Content/Enums/ENiagaraCoordinateSpace.uasset" 343
"../../Plugins/FX/Niagara/Content/Enums/ENiagaraOrientationAxis.uasset" 344
"../../Plugins/FX/Niagara/Content/Enums/ENiagaraRandomnessMode.uasset" 345
"../../Plugins/FX/Niagara/Content/Icons/S_ParticleSystem.uasset" 346
"../../../Engine/Content/ArtTools/RenderToTexture/Materials/Debug/M_Emissive_Color.uasset" 347
"../../../Engine/Content/BasicShapes/Cylinder.uasset" 348
"../../Plugins/Lumin/MagicLeapPassableWorld/Content/MagicLeapARPinInfoActor.uasset" 349
"../../../Engine/Content/Functions/Engine_MaterialFunctions02/Utility/BreakOutFloat4Components.uasset" 350
"../../Plugins/Runtime/Oculus/OculusVR/Content/Materials/OculusMR_ChromaKey.uasset" 351
"../../Plugins/Runtime/Oculus/OculusVR/Content/Materials/OculusMR_OpaqueColoredMaterial.uasset" 352
"../../Plugins/Runtime/Oculus/OculusVR/Content/Materials/PokeAHoleMaterial.uasset" 353
"../../../Engine/Content/Maps/Entry_BuiltData.uasset" 354
"../../../Engine/Content/Maps/Entry.umap" 355
"../../../../UEPROJECTS/EraserAndPencil/Content/StarterContent/Textures/T_Metal_Copper_D.uasset" 356
"../../../../UEPROJECTS/EraserAndPencil/Content/StarterContent/Textures/T_Metal_Gold_N.uasset" 357
"../../../../UEPROJECTS/EraserAndPencil/Content/StarterContent/Textures/T_MacroVariation.uasset" 358
"../../../../UEPROJECTS/EraserAndPencil/Content/StarterContent/Materials/M_Metal_Copper.uasset" 359
"../../../../UEPROJECTS/EraserAndPencil/Content/StarterContent/Textures/T_Concrete_Tiles_Variation_M.uasset" 360
"../../../../UEPROJECTS/EraserAndPencil/Content/StarterContent/Textures/T_Concrete_Tiles_N.uasset" 361
"../../../../UEPROJECTS/EraserAndPencil/Content/StarterContent/Textures/T_Concrete_Tiles_M.uasset" 362
"../../../../UEPROJECTS/EraserAndPencil/Content/StarterContent/Textures/T_Concrete_Tiles_D.uasset" 363
"../../../../UEPROJECTS/EraserAndPencil/Content/StarterContent/Materials/M_Concrete_Tiles.uasset" 364
"../../../../UEPROJECTS/EraserAndPencil/Content/StarterContent/Textures/T_Brick_Clay_Beveled_N.uasset" 365
"../../../../UEPROJECTS/EraserAndPencil/Content/StarterContent/Textures/T_Brick_Clay_Beveled_M.uasset" 366
"../../../../UEPROJECTS/EraserAndPencil/Content/StarterContent/Textures/T_Brick_Clay_Beveled_D.uasset" 367
"../../../../UEPROJECTS/EraserAndPencil/Content/StarterContent/Materials/M_Brick_Clay_Beveled.uasset" 368
"../../../../UEPROJECTS/EraserAndPencil/Content/EraserAndPencil/Maps/Scene_01_BuiltData.uasset" 369
"../../../../UEPROJECTS/EraserAndPencil/Content/EraserAndPencil/Meshes/ladder.uasset" 370
"../../../Engine/Content/Functions/Engine_MaterialFunctions01/Gradient/LinearGradient.uasset" 371
"../../../Engine/Content/Functions/Engine_MaterialFunctions01/Texturing/BitMask.uasset" 372
"../../../Engine/Content/Functions/Engine_MaterialFunctions01/ImageAdjustment/BlurSampleOffsets.uasset" 373
"../../../../UEPROJECTS/EraserAndPencil/Content/EraserAndPencil/Material/ML_HighLightMtl.uasset" 374
"../../../../UEPROJECTS/EraserAndPencil/Content/EraserAndPencil/Material/RT_Editing_View.uasset" 375
"../../../../UEPROJECTS/EraserAndPencil/Content/EraserAndPencil/Material/ML_Editing_View.uasset" 376
"../../../Engine/Content/EditorBlueprintResources/StandardMacros.uasset" 377
"../../../../UEPROJECTS/EraserAndPencil/Content/EraserAndPencil/Material/RT_Capture.uasset" 378
"../../../../UEPROJECTS/EraserAndPencil/Content/EraserAndPencil/Material/ML_Capture.uasset" 379
"../../../../UEPROJECTS/EraserAndPencil/Content/EraserAndPencil/UI/UI_whenCapture.uasset" 380
"../../../../UEPROJECTS/EraserAndPencil/Content/EraserAndPencil/Meshes/initialShadingGroup.uasset" 381
"../../../../UEPROJECTS/EraserAndPencil/Content/EraserAndPencil/Meshes/Camera.uasset" 382
"../../../../UEPROJECTS/EraserAndPencil/Content/DataStructures/STR_FilmRecord.uasset" 383
"../../../../UEPROJECTS/EraserAndPencil/Content/EraserAndPencil/Blueprints/Object/BP_EditViewCaptrue2DActor.uasset" 384
"../../../../UEPROJECTS/EraserAndPencil/Content/EraserAndPencil/Blueprints/QuestSystem/Objectives/BP_Objective.uasset" 385
"../../../../UEPROJECTS/EraserAndPencil/Content/EraserAndPencil/Blueprints/QuestSystem/Objectives/BP_ObjCollector.uasset" 386
"../../../../UEPROJECTS/EraserAndPencil/Content/EraserAndPencil/UI/Quest/UI_Objective.uasset" 387
"../../../../UEPROJECTS/EraserAndPencil/Content/EraserAndPencil/Blueprints/QuestSystem/BP_Quest.uasset" 388
"../../../../UEPROJECTS/EraserAndPencil/Content/EraserAndPencil/UI/Quest/UI_QuestList.uasset" 389
"../../../../UEPROJECTS/EraserAndPencil/Content/EraserAndPencil/UI/Quest/UI_Quest.uasset" 390
"../../../../UEPROJECTS/EraserAndPencil/Content/EraserAndPencil/SkeletonMesh/FPWeapon/Mesh/SK_FPGun_Skeleton.uasset" 391
"../../../../UEPROJECTS/EraserAndPencil/Content/EraserAndPencil/SkeletonMesh/FPWeapon/Textures/T_FPGun_N.uasset" 392
"../../../../UEPROJECTS/EraserAndPencil/Content/EraserAndPencil/SkeletonMesh/FPWeapon/Textures/T_FPGun_M.uasset" 393
"../../../../UEPROJECTS/EraserAndPencil/Content/EraserAndPencil/SkeletonMesh/FPWeapon/Materials/MaterialLayers/T_ML_Rubber_Blue_01_N.uasset" 394
"../../../../UEPROJECTS/EraserAndPencil/Content/EraserAndPencil/SkeletonMesh/FPWeapon/Materials/MaterialLayers/T_ML_Rubber_Blue_01_D.uasset" 395
"../../../../UEPROJECTS/EraserAndPencil/Content/EraserAndPencil/SkeletonMesh/FPWeapon/Materials/MaterialLayers/T_ML_Aluminum01_N.uasset" 396
"../../../../UEPROJECTS/EraserAndPencil/Content/EraserAndPencil/SkeletonMesh/FPWeapon/Materials/MaterialLayers/T_ML_Aluminum01.uasset" 397
"../../../../UEPROJECTS/EraserAndPencil/Content/EraserAndPencil/SkeletonMesh/FPWeapon/Materials/MaterialLayers/ML_SoftMetal_UE4.uasset" 398
"../../../../UEPROJECTS/EraserAndPencil/Content/EraserAndPencil/SkeletonMesh/FPWeapon/Materials/MaterialLayers/ML_Screen.uasset" 399
"../../../../UEPROJECTS/EraserAndPencil/Content/EraserAndPencil/SkeletonMesh/FPWeapon/Materials/MaterialLayers/ML_Plastic_Shiny_Beige.uasset" 400
"../../../../UEPROJECTS/EraserAndPencil/Content/EraserAndPencil/SkeletonMesh/FPWeapon/Materials/MaterialLayers/ML_GlossyBlack_Latex_UE4.uasset" 401
"../../../Engine/Content/Functions/Engine_MaterialFunctions02/Utility/BlendAngleCorrectedNormals.uasset" 402
"../../../Engine/Content/Functions/MaterialLayerFunctions/MatLayerBlend_NormalBlend.uasset" 403
"../../../Engine/Content/Functions/MaterialLayerFunctions/MatLayerBlend_Simple.uasset" 404
"../../../../UEPROJECTS/EraserAndPencil/Content/EraserAndPencil/SkeletonMesh/FPWeapon/Materials/M_FPGun.uasset" 405
"../../../../UEPROJECTS/EraserAndPencil/Content/EraserAndPencil/SkeletonMesh/FPWeapon/Mesh/SK_FPGun.uasset" 406
"../../../../UEPROJECTS/EraserAndPencil/Content/StarterContent/Materials/M_Basic_Wall.uasset" 407
"../../../../UEPROJECTS/EraserAndPencil/Content/StarterContent/Shapes/Shape_Cube.uasset" 408
"../../../../UEPROJECTS/EraserAndPencil/Content/EraserAndPencil/Blueprints/QuestSystem/TestBP/BP_Distination.uasset" 409
"../../../../UEPROJECTS/EraserAndPencil/Content/StarterContent/Shapes/Shape_Cylinder.uasset" 410
"../../../../UEPROJECTS/EraserAndPencil/Content/EraserAndPencil/Blueprints/QuestSystem/Objectives/BP_ObjReachDestisnation.uasset" 411
"../../../../UEPROJECTS/EraserAndPencil/Content/EraserAndPencil/Blueprints/QuestSystem/BP_Quest_01.uasset" 412
"../../../../UEPROJECTS/EraserAndPencil/Content/EraserAndPencil/Blueprints/Interface/BPI_Iteract.uasset" 413
"../../../../UEPROJECTS/EraserAndPencil/Content/EraserAndPencil/Blueprints/FunctionLiabrary/BP_ObjectFunctions.uasset" 414
"../../../../UEPROJECTS/EraserAndPencil/Content/EraserAndPencil/Blueprints/Object/BP_ObejctBase.uasset" 415
"../../../../UEPROJECTS/EraserAndPencil/Content/EraserAndPencil/Blueprints/Widget/Texture/T_MouseAxis.uasset" 416
"../../../../UEPROJECTS/EraserAndPencil/Content/EraserAndPencil/Blueprints/Widget/Texture/T_EscapeKey.uasset" 417
"../../../../UEPROJECTS/EraserAndPencil/Content/EraserAndPencil/Blueprints/Widget/Texture/T_EKey.uasset" 418
"../../../../UEPROJECTS/EraserAndPencil/Content/EraserAndPencil/Blueprints/Structure/S_WidgetIcon.uasset" 419
"../../../../UEPROJECTS/EraserAndPencil/Content/EraserAndPencil/Blueprints/Enumration/E_ItemType.uasset" 420
"../../../../UEPROJECTS/EraserAndPencil/Content/EraserAndPencil/Blueprints/Structure/S_InspectItem.uasset" 421
"../../../../UEPROJECTS/EraserAndPencil/Content/EraserAndPencil/Blueprints/Structure/S_InventroySlot.uasset" 422
"../../../../UEPROJECTS/EraserAndPencil/Content/EraserAndPencil/Blueprints/Object/InspectItem/BP_InspectItem_Master.uasset" 423
"../../../../UEPROJECTS/EraserAndPencil/Content/EraserAndPencil/Blueprints/Widget/UI_ActionHUd.uasset" 424
"../../../../UEPROJECTS/EraserAndPencil/Content/EraserAndPencil/Blueprints/Widget/UI_InventoryHud.uasset" 425
"../../../../UEPROJECTS/EraserAndPencil/Content/EraserAndPencil/Blueprints/Widget/UI_InventorySLot.uasset" 426
"../../../../UEPROJECTS/EraserAndPencil/Content/EraserAndPencil/Blueprints/Structure/S_UserCameraSetting.uasset" 427
"../../../../UEPROJECTS/EraserAndPencil/Content/EraserAndPencil/Blueprints/FunctionLiabrary/BFL_Function.uasset" 428
"../../../../UEPROJECTS/EraserAndPencil/Content/EraserAndPencil/Blueprints/Core/BP_InventoryInspectItem.uasset" 429
"../../../../UEPROJECTS/EraserAndPencil/Content/EraserAndPencil/Blueprints/Core/BP_InventoryInspectItem_Image.uasset" 430
"../../../../UEPROJECTS/EraserAndPencil/Content/EraserAndPencil/Blueprints/Core/BP_PropsSystemController.uasset" 431
"../../../../UEPROJECTS/EraserAndPencil/Content/EraserAndPencil/Blueprints/Widget/UI_InspectionHud.uasset" 432
"../../../../UEPROJECTS/EraserAndPencil/Content/EraserAndPencil/Blueprints/Object/BP_InspectItem.uasset" 433
"../../../../UEPROJECTS/EraserAndPencil/Content/EraserAndPencil/Meshes/BaseMaterial.uasset" 434
"../../../../UEPROJECTS/EraserAndPencil/Content/EraserAndPencil/Meshes/FirstPersonProjectileMaterial.uasset" 435
"../../../../UEPROJECTS/EraserAndPencil/Content/EraserAndPencil/Meshes/FirstPersonProjectileMesh.uasset" 436
"../../../../UEPROJECTS/EraserAndPencil/Content/EraserAndPencil/Blueprints/CharacterCPP/Blueprints/FirstPersonProjectile.uasset" 437
"../../../../UEPROJECTS/EraserAndPencil/Content/EraserAndPencil/SkeletonMesh/Character/Mesh/SK_Mannequin_Arms_PhysicsAsset.uasset" 438
"../../../../UEPROJECTS/EraserAndPencil/Content/EraserAndPencil/SkeletonMesh/Character/Textures/UE4_Mannequin_MAT_MASKA.uasset" 439
"../../../../UEPROJECTS/EraserAndPencil/Content/EraserAndPencil/SkeletonMesh/Character/Textures/UE4_Mannequin__normals.uasset" 440
"../../../../UEPROJECTS/EraserAndPencil/Content/EraserAndPencil/SkeletonMesh/Character/Textures/UE4_LOGO_CARD.uasset" 441
"../../../../UEPROJECTS/EraserAndPencil/Content/EraserAndPencil/SkeletonMesh/Character/Materials/MaterialLayers/T_ML_Rubber_Blue_01_N.uasset" 442
"../../../../UEPROJECTS/EraserAndPencil/Content/EraserAndPencil/SkeletonMesh/Character/Materials/MaterialLayers/T_ML_Rubber_Blue_01_D.uasset" 443
"../../../../UEPROJECTS/EraserAndPencil/Content/EraserAndPencil/SkeletonMesh/Character/Materials/MaterialLayers/T_ML_Aluminum01_N.uasset" 444
"../../../../UEPROJECTS/EraserAndPencil/Content/EraserAndPencil/SkeletonMesh/Character/Materials/MaterialLayers/T_ML_Aluminum01.uasset" 445
"../../../../UEPROJECTS/EraserAndPencil/Content/EraserAndPencil/SkeletonMesh/Character/Materials/MaterialLayers/ML_SoftMetal_UE4.uasset" 446
"../../../../UEPROJECTS/EraserAndPencil/Content/EraserAndPencil/SkeletonMesh/Character/Materials/MaterialLayers/ML_Plastic_Shiny_Beige_LOGO.uasset" 447
"../../../../UEPROJECTS/EraserAndPencil/Content/EraserAndPencil/SkeletonMesh/Character/Materials/MaterialLayers/ML_Plastic_Shiny_Beige.uasset" 448
"../../../../UEPROJECTS/EraserAndPencil/Content/EraserAndPencil/SkeletonMesh/Character/Materials/MaterialLayers/ML_GlossyBlack_Latex_UE4.uasset" 449
"../../../../UEPROJECTS/EraserAndPencil/Content/EraserAndPencil/SkeletonMesh/Character/Materials/M_UE4Man_Body.uasset" 450
"../../../../UEPROJECTS/EraserAndPencil/Content/EraserAndPencil/SkeletonMesh/Character/Mesh/SK_Mannequin_Arms_Skeleton.uasset" 451
"../../../../UEPROJECTS/EraserAndPencil/Content/EraserAndPencil/SkeletonMesh/Character/Mesh/SK_Mannequin_Arms.uasset" 452
"../../../Engine/Content/Animation/DefaultAnimCurveCompressionSettings.uasset" 453
"../../../Engine/Content/Animation/DefaultAnimBoneCompressionSettings.uasset" 454
"../../../../UEPROJECTS/EraserAndPencil/Content/EraserAndPencil/Animations/FirstPerson_Run.uasset" 455
"../../../../UEPROJECTS/EraserAndPencil/Content/EraserAndPencil/Animations/FirstPerson_JumpStart.uasset" 456
"../../../../UEPROJECTS/EraserAndPencil/Content/EraserAndPencil/Animations/FirstPerson_JumpLoop.uasset" 457
"../../../../UEPROJECTS/EraserAndPencil/Content/EraserAndPencil/Animations/FirstPerson_JumpEnd.uasset" 458
"../../../../UEPROJECTS/EraserAndPencil/Content/EraserAndPencil/Animations/FirstPerson_Idle.uasset" 459
"../../../../UEPROJECTS/EraserAndPencil/Content/EraserAndPencil/Blueprints/Character/FirstPerson_AnimBP.uasset" 460
"../../../../UEPROJECTS/EraserAndPencil/Content/EraserAndPencil/Audio/FirstPersonTemplateWeaponFire02.uasset" 461
"../../../../UEPROJECTS/EraserAndPencil/Content/EraserAndPencil/Animations/FirstPerson_Fire.uasset" 462
"../../../../UEPROJECTS/EraserAndPencil/Content/EraserAndPencil/Animations/FirstPersonFire_Montage.uasset" 463
"../../../../UEPROJECTS/EraserAndPencil/Content/EraserAndPencil/Blueprints/CharacterCPP/Blueprints/BP_EraserAndPencilCha.uasset" 464
"../../../../UEPROJECTS/EraserAndPencil/Content/EraserAndPencil/Blueprints/Character/SP_PlayerController.uasset" 465
"../../../../UEPROJECTS/EraserAndPencil/Content/Blueprints/BP_EraserAndPencilGM.uasset" 466
"../../../../UEPROJECTS/EraserAndPencil/Content/EraserAndPencil/Blueprints/Object/BP_MagicCamera.uasset" 467
"../../../Engine/Content/BasicShapes/Plane.uasset" 468
"../../../../UEPROJECTS/EraserAndPencil/Content/EraserAndPencil/Maps/Scene_01.umap" 469
"../../../Engine/Content/BasicShapes/Cube.uasset" 470
"../../../Engine/Content/BasicShapes/BasicShapeMaterial.uasset" 471
"../../../../UEPROJECTS/EraserAndPencil/Content/ThirdPersonBP/Maps/ThirdPersonExampleMap_BuiltData.uasset" 472
"../../../../UEPROJECTS/EraserAndPencil/Content/Mannequin/Character/Mesh/SK_Mannequin_PhysicsAsset.uasset" 473
"../../../../UEPROJECTS/EraserAndPencil/Content/Mannequin/Character/Textures/T_UE4Logo_N.uasset" 474
"../../../../UEPROJECTS/EraserAndPencil/Content/Mannequin/Character/Textures/T_UE4Logo_Mask.uasset" 475
"../../../../UEPROJECTS/EraserAndPencil/Content/Mannequin/Character/Textures/T_Male_N.uasset" 476
"../../../../UEPROJECTS/EraserAndPencil/Content/Mannequin/Character/Textures/T_Male_Mask.uasset" 477
"../../../../UEPROJECTS/EraserAndPencil/Content/Mannequin/Character/Materials/MaterialLayers/T_ML_Rubber_Blue_01_N.uasset" 478
"../../../../UEPROJECTS/EraserAndPencil/Content/Mannequin/Character/Materials/MaterialLayers/T_ML_Rubber_Blue_01_D.uasset" 479
"../../../../UEPROJECTS/EraserAndPencil/Content/Mannequin/Character/Materials/MaterialLayers/T_ML_Aluminum01_N.uasset" 480
"../../../../UEPROJECTS/EraserAndPencil/Content/Mannequin/Character/Materials/MaterialLayers/T_ML_Aluminum01.uasset" 481
"../../../../UEPROJECTS/EraserAndPencil/Content/Mannequin/Character/Materials/MaterialLayers/ML_SoftMetal_UE4.uasset" 482
"../../../../UEPROJECTS/EraserAndPencil/Content/Mannequin/Character/Materials/MaterialLayers/ML_Plastic_Shiny_Beige_LOGO.uasset" 483
"../../../../UEPROJECTS/EraserAndPencil/Content/Mannequin/Character/Materials/MaterialLayers/ML_Plastic_Shiny_Beige.uasset" 484
"../../../../UEPROJECTS/EraserAndPencil/Content/Mannequin/Character/Materials/MaterialLayers/ML_GlossyBlack_Latex_UE4.uasset" 485
"../../../../UEPROJECTS/EraserAndPencil/Content/Mannequin/Character/Materials/M_Male_Body.uasset" 486
"../../../../UEPROJECTS/EraserAndPencil/Content/Mannequin/Character/Materials/M_UE4Man_ChestLogo.uasset" 487
"../../../../UEPROJECTS/EraserAndPencil/Content/Mannequin/Character/Mesh/UE4_Mannequin_Skeleton.uasset" 488
"../../../../UEPROJECTS/EraserAndPencil/Content/Mannequin/Character/Mesh/SK_Mannequin.uasset" 489
"../../../../UEPROJECTS/EraserAndPencil/Content/Mannequin/Animations/ThirdPersonWalk.uasset" 490
"../../../../UEPROJECTS/EraserAndPencil/Content/Mannequin/Animations/ThirdPersonRun.uasset" 491
"../../../../UEPROJECTS/EraserAndPencil/Content/Mannequin/Animations/ThirdPersonIdle.uasset" 492
"../../../../UEPROJECTS/EraserAndPencil/Content/Mannequin/Animations/ThirdPerson_IdleRun_2D.uasset" 493
"../../../../UEPROJECTS/EraserAndPencil/Content/Mannequin/Animations/ThirdPerson_Jump.uasset" 494
"../../../../UEPROJECTS/EraserAndPencil/Content/Mannequin/Animations/ThirdPersonJump_Start.uasset" 495
"../../../../UEPROJECTS/EraserAndPencil/Content/Mannequin/Animations/ThirdPersonJump_Loop.uasset" 496
"../../../../UEPROJECTS/EraserAndPencil/Content/Mannequin/Animations/ThirdPerson_AnimBP.uasset" 497
"../../../../UEPROJECTS/EraserAndPencil/Content/ThirdPersonBP/Blueprints/ThirdPersonCharacter.uasset" 498
"../../../../UEPROJECTS/EraserAndPencil/Content/Meshes/SM_TowelBig_02.uasset" 499
"../../../../UEPROJECTS/EraserAndPencil/Content/Meshes/SM_Toilet_01.uasset" 500
"../../../../UEPROJECTS/EraserAndPencil/Content/Meshes/SM_Table_05.uasset" 501
"../../../../UEPROJECTS/EraserAndPencil/Content/Meshes/SM_Table_02.uasset" 502
"../../../../UEPROJECTS/EraserAndPencil/Content/Meshes/SM_Small_Table_08.uasset" 503
"../../../../UEPROJECTS/EraserAndPencil/Content/Meshes/SM_SingleBedPink_01.uasset" 504
"../../../../UEPROJECTS/EraserAndPencil/Content/Meshes/SM_Shelf_08.uasset" 505
"../../../../UEPROJECTS/EraserAndPencil/Content/Meshes/SM_Shelf_07.uasset" 506
"../../../../UEPROJECTS/EraserAndPencil/Content/Meshes/SM_RubbishBin_02.uasset" 507
"../../../../UEPROJECTS/EraserAndPencil/Content/Meshes/SM_PlateDryer_01.uasset" 508
"../../../../UEPROJECTS/EraserAndPencil/Content/Meshes/SM_OvenGrey_01.uasset" 509
"../../../../UEPROJECTS/EraserAndPencil/Content/Meshes/SM_Microwave_01.uasset" 510
"../../../../UEPROJECTS/EraserAndPencil/Content/Meshes/SM_Lamp_06.uasset" 511
"../../../../UEPROJECTS/EraserAndPencil/Content/Meshes/SM_Couch_03.uasset" 512
"../../../../UEPROJECTS/EraserAndPencil/Content/Meshes/SM_ComputerScreen_01.uasset" 513
"../../../../UEPROJECTS/EraserAndPencil/Content/Meshes/SM_Chair_07.uasset" 514
"../../../../UEPROJECTS/EraserAndPencil/Content/Meshes/SM_BigChair_03.uasset" 515
"../../../../UEPROJECTS/EraserAndPencil/Content/Meshes/SM_BathFull_01.uasset" 516
"../../../../UEPROJECTS/EraserAndPencil/Content/Textures/T_SimpleInteriorsHouses.uasset" 517
"../../../../UEPROJECTS/EraserAndPencil/Content/Materials/M_SimpleHouseInteriors.uasset" 518
"../../../../UEPROJECTS/EraserAndPencil/Content/Meshes/SM_Draw_01.uasset" 519
"../../../../UEPROJECTS/EraserAndPencil/Content/Meshes/SM_DoubleBeadBlue_01.uasset" 520
"../../../../UEPROJECTS/EraserAndPencil/Content/Meshes/SM_Door_02.uasset" 521
"../../../../UEPROJECTS/EraserAndPencil/Content/Meshes/SM_Desk_02.uasset" 522
"../../../../UEPROJECTS/EraserAndPencil/Content/Meshes/SM_DeskLamp_01.uasset" 523
"../../../../UEPROJECTS/EraserAndPencil/Content/Meshes/SM_DeskChair_01.uasset" 524
"../../../../UEPROJECTS/EraserAndPencil/Content/Meshes/SM_Cupboard_03.uasset" 525
"../../../../UEPROJECTS/EraserAndPencil/Content/Geometry/Meshes/CubeMaterial.uasset" 526
"../../../../UEPROJECTS/EraserAndPencil/Content/Geometry/Meshes/TemplateFloor.uasset" 527
"../../../Engine/Content/EngineSky/T_Sky_Stars.uasset" 528
"../../../Engine/Content/EngineSky/T_Sky_Clouds_M.uasset" 529
"../../../Engine/Content/EngineSky/T_Sky_Blue.uasset" 530
"../../../Engine/Content/EngineSky/M_Sky_Panning_Clouds2.uasset" 531
"../../../Engine/Content/EngineSky/SM_SkySphere.uasset" 532
"../../../Engine/Content/EngineSky/C_Sky_Zenith_Color.uasset" 533
"../../../Engine/Content/EngineSky/C_Sky_Horizon_Color.uasset" 534
"../../../Engine/Content/EngineSky/C_Sky_Cloud_Color.uasset" 535
"../../../Engine/Content/EngineSky/BP_Sky_Sphere.uasset" 536
"../../../../UEPROJECTS/EraserAndPencil/Content/ThirdPersonBP/Maps/ThirdPersonExampleMap.umap" 537
